<?xml version="1.0" encoding="UTF-8"?>
<testsuite xmlns:xsi="http://www.w3.org/2001/XMLSchema-instance" xsi:noNamespaceSchemaLocation="https://maven.apache.org/surefire/maven-surefire-plugin/xsd/surefire-test-report.xsd" name="org.apache.jute.BinaryInputArchiveTest" time="0.038" tests="9" errors="0" skipped="0" failures="0">
  <properties>
    <property name="gopherProxySet" value="false"/>
    <property name="awt.toolkit" value="sun.lwawt.macosx.LWCToolkit"/>
    <property name="java.specification.version" value="11"/>
    <property name="sun.cpu.isalist" value=""/>
    <property name="sun.jnu.encoding" value="UTF-8"/>
    <property name="java.class.path" value="/Users/qian/WorkSpaces/code-repository-workspace/source-workspace/zookeeper/DC_注释源码/apache-zookeeper-3.7.0/zookeeper-jute/target/test-classes:/Users/qian/WorkSpaces/code-repository-workspace/source-workspace/zookeeper/DC_注释源码/apache-zookeeper-3.7.0/zookeeper-jute/target/classes:/Users/qian/.m2/repository/org/apache/yetus/audience-annotations/0.12.0/audience-annotations-0.12.0.jar:/Users/qian/.m2/repository/org/junit/jupiter/junit-jupiter-engine/5.6.2/junit-jupiter-engine-5.6.2.jar:/Users/qian/.m2/repository/org/apiguardian/apiguardian-api/1.1.0/apiguardian-api-1.1.0.jar:/Users/qian/.m2/repository/org/junit/platform/junit-platform-engine/1.6.2/junit-platform-engine-1.6.2.jar:/Users/qian/.m2/repository/org/opentest4j/opentest4j/1.2.0/opentest4j-1.2.0.jar:/Users/qian/.m2/repository/org/junit/platform/junit-platform-commons/1.6.2/junit-platform-commons-1.6.2.jar:/Users/qian/.m2/repository/org/junit/jupiter/junit-jupiter-api/5.6.2/junit-jupiter-api-5.6.2.jar:"/>
    <property name="java.vm.vendor" value="Oracle Corporation"/>
    <property name="sun.arch.data.model" value="64"/>
    <property name="java.vendor.url" value="https://openjdk.java.net/"/>
    <property name="user.timezone" value=""/>
    <property name="java.vm.specification.version" value="11"/>
    <property name="os.name" value="Mac OS X"/>
    <property name="sun.java.launcher" value="SUN_STANDARD"/>
    <property name="user.country" value="CN"/>
    <property name="sun.boot.library.path" value="/Library/Java/JavaVirtualMachines/jdk-11.0.9.jdk/Contents/Home/lib"/>
    <property name="sun.java.command" value="/Users/qian/WorkSpaces/code-repository-workspace/source-workspace/zookeeper/DC_注释源码/apache-zookeeper-3.7.0/zookeeper-jute/target/surefire/surefirebooter1418275548809891165.jar /Users/qian/WorkSpaces/code-repository-workspace/source-workspace/zookeeper/DC_注释源码/apache-zookeeper-3.7.0/zookeeper-jute/target/surefire 2021-11-13T23-11-58_746-jvmRun1 surefire4134918149879406120tmp surefire_017707382181637447243tmp"/>
    <property name="jdk.debug" value="release"/>
    <property name="surefire.test.class.path" value="/Users/qian/WorkSpaces/code-repository-workspace/source-workspace/zookeeper/DC_注释源码/apache-zookeeper-3.7.0/zookeeper-jute/target/test-classes:/Users/qian/WorkSpaces/code-repository-workspace/source-workspace/zookeeper/DC_注释源码/apache-zookeeper-3.7.0/zookeeper-jute/target/classes:/Users/qian/.m2/repository/org/apache/yetus/audience-annotations/0.12.0/audience-annotations-0.12.0.jar:/Users/qian/.m2/repository/org/junit/jupiter/junit-jupiter-engine/5.6.2/junit-jupiter-engine-5.6.2.jar:/Users/qian/.m2/repository/org/apiguardian/apiguardian-api/1.1.0/apiguardian-api-1.1.0.jar:/Users/qian/.m2/repository/org/junit/platform/junit-platform-engine/1.6.2/junit-platform-engine-1.6.2.jar:/Users/qian/.m2/repository/org/opentest4j/opentest4j/1.2.0/opentest4j-1.2.0.jar:/Users/qian/.m2/repository/org/junit/platform/junit-platform-commons/1.6.2/junit-platform-commons-1.6.2.jar:/Users/qian/.m2/repository/org/junit/jupiter/junit-jupiter-api/5.6.2/junit-jupiter-api-5.6.2.jar:"/>
    <property name="sun.cpu.endian" value="little"/>
    <property name="user.home" value="/Users/qian"/>
    <property name="user.language" value="zh"/>
    <property name="java.specification.vendor" value="Oracle Corporation"/>
    <property name="java.version.date" value="2020-10-20"/>
    <property name="java.home" value="/Library/Java/JavaVirtualMachines/jdk-11.0.9.jdk/Contents/Home"/>
    <property name="file.separator" value="/"/>
    <property name="basedir" value="/Users/qian/WorkSpaces/code-repository-workspace/source-workspace/zookeeper/DC_注释源码/apache-zookeeper-3.7.0/zookeeper-jute"/>
    <property name="java.vm.compressedOopsMode" value="Zero based"/>
    <property name="line.separator" value="&#10;"/>
    <property name="java.specification.name" value="Java Platform API Specification"/>
    <property name="java.vm.specification.vendor" value="Oracle Corporation"/>
    <property name="java.awt.graphicsenv" value="sun.awt.CGraphicsEnvironment"/>
    <property name="surefire.real.class.path" value="/Users/qian/WorkSpaces/code-repository-workspace/source-workspace/zookeeper/DC_注释源码/apache-zookeeper-3.7.0/zookeeper-jute/target/surefire/surefirebooter1418275548809891165.jar"/>
    <property name="user.script" value="Hans"/>
    <property name="sun.management.compiler" value="HotSpot 64-Bit Tiered Compilers"/>
    <property name="java.runtime.version" value="11.0.9+7-LTS"/>
    <property name="user.name" value="qian"/>
    <property name="path.separator" value=":"/>
    <property name="os.version" value="10.16"/>
    <property name="java.runtime.name" value="Java(TM) SE Runtime Environment"/>
    <property name="file.encoding" value="UTF-8"/>
    <property name="java.vm.name" value="Java HotSpot(TM) 64-Bit Server VM"/>
    <property name="java.vendor.version" value="18.9"/>
    <property name="localRepository" value="/Users/qian/.m2/repository"/>
    <property name="java.vendor.url.bug" value="https://bugreport.java.com/bugreport/"/>
    <property name="java.io.tmpdir" value="/var/folders/m3/jnsdjbnd67zfsk3rc4xkq72r0000gn/T/"/>
    <property name="java.version" value="11.0.9"/>
    <property name="user.dir" value="/Users/qian/WorkSpaces/code-repository-workspace/source-workspace/zookeeper/DC_注释源码/apache-zookeeper-3.7.0/zookeeper-jute"/>
    <property name="os.arch" value="x86_64"/>
    <property name="java.vm.specification.name" value="Java Virtual Machine Specification"/>
    <property name="java.awt.printerjob" value="sun.lwawt.macosx.CPrinterJob"/>
    <property name="sun.os.patch.level" value="unknown"/>
    <property name="java.library.path" value="/Users/qian/Library/Java/Extensions:/Library/Java/Extensions:/Network/Library/Java/Extensions:/System/Library/Java/Extensions:/usr/lib/java:."/>
    <property name="java.vendor" value="Oracle Corporation"/>
    <property name="java.vm.info" value="mixed mode"/>
    <property name="java.vm.version" value="11.0.9+7-LTS"/>
    <property name="sun.io.unicode.encoding" value="UnicodeBig"/>
    <property name="java.class.version" value="55.0"/>
  </properties>
  <testcase name="testInt" classname="org.apache.jute.BinaryInputArchiveTest" time="0.015"/>
  <testcase name="testFloat" classname="org.apache.jute.BinaryInputArchiveTest" time="0.002"/>
  <testcase name="testBool" classname="org.apache.jute.BinaryInputArchiveTest" time="0.001"/>
  <testcase name="testReadStringCheckLength" classname="org.apache.jute.BinaryInputArchiveTest" time="0.003"/>
  <testcase name="testReadStringForRecordsHavingLengthMoreThanMaxAllowedSize" classname="org.apache.jute.BinaryInputArchiveTest" time="0.001"/>
  <testcase name="testBuffer" classname="org.apache.jute.BinaryInputArchiveTest" time="0.002"/>
  <testcase name="testDouble" classname="org.apache.jute.BinaryInputArchiveTest" time="0.001"/>
  <testcase name="testReadStringForRecordsHavingLengthLessThanMaxAllowedSize" classname="org.apache.jute.BinaryInputArchiveTest" time="0.002"/>
  <testcase name="testString" classname="org.apache.jute.BinaryInputArchiveTest" time="0.001"/>
</testsuite>